# JRE version: Java(TM) SE Runtime Environment (17.0.1+12) (build 17.0.1+12-LTS-39)
# Java VM: Java HotSpot(TM) 64-Bit Server VM (17.0.1+12-LTS-39, mixed mode, emulated-client, sharing, tiered, compressed oops, compressed class ptrs, g1 gc, windows-amd64)
GC Precious Log:
 CPUs: 8 total, 8 available
 Memory: 8062M
 Large Page Support: Disabled
 NUMA Support: Disabled
 Compressed Oops: Enabled (32-bit)
 Heap Region Size: 1M
 Heap Min Capacity: 8M
 Heap Initial Capacity: 126M
 Heap Max Capacity: 2016M
 Pre-touch: Disabled
 Parallel Workers: 8
 Concurrent Workers: 2
 Concurrent Refinement Workers: 8
 Periodic GC: Disabled
Heap:
 garbage-first heap   total 129024K, used 16034K [0x0000000082000000, 0x0000000100000000)
  region size 1024K, 1 young (1024K), 1 survivors (1024K)
 Metaspace       used 23593K, committed 23936K, reserved 1073152K
  class space    used 3228K, committed 3392K, reserved 1048576K
GC Heap History (15 events):
Event: 0.548 GC heap before
{Heap before GC invocations=0 (full 0):
 garbage-first heap   total 129024K, used 23552K [0x0000000082000000, 0x0000000100000000)
  region size 1024K, 23 young (23552K), 0 survivors (0K)
 Metaspace       used 6558K, committed 6720K, reserved 1056768K
  class space    used 795K, committed 896K, reserved 1048576K
}
Event: 0.556 GC heap after
{Heap after GC invocations=1 (full 0):
 garbage-first heap   total 129024K, used 7381K [0x0000000082000000, 0x0000000100000000)
  region size 1024K, 3 young (3072K), 3 survivors (3072K)
 Metaspace       used 6558K, committed 6720K, reserved 1056768K
  class space    used 795K, committed 896K, reserved 1048576K
}
Event: 0.564 GC heap before
{Heap before GC invocations=1 (full 0):
 garbage-first heap   total 129024K, used 32981K [0x0000000082000000, 0x0000000100000000)
  region size 1024K, 29 young (29696K), 3 survivors (3072K)
 Metaspace       used 6558K, committed 6720K, reserved 1056768K
  class space    used 795K, committed 896K, reserved 1048576K
}
Event: 0.567 GC heap after
{Heap after GC invocations=2 (full 0):
 garbage-first heap   total 129024K, used 7575K [0x0000000082000000, 0x0000000100000000)
  region size 1024K, 1 young (1024K), 1 survivors (1024K)
 Metaspace       used 6558K, committed 6720K, reserved 1056768K
  class space    used 795K, committed 896K, reserved 1048576K
}
Event: 1.232 GC heap before
{Heap before GC invocations=2 (full 0):
 garbage-first heap   total 129024K, used 82327K [0x0000000082000000, 0x0000000100000000)
  region size 1024K, 75 young (76800K), 1 survivors (1024K)
 Metaspace       used 15438K, committed 15808K, reserved 1064960K
  class space    used 2050K, committed 2240K, reserved 1048576K
}
Event: 1.235 GC heap after
{Heap after GC invocations=3 (full 0):
 garbage-first heap   total 129024K, used 10877K [0x0000000082000000, 0x0000000100000000)
  region size 1024K, 4 young (4096K), 4 survivors (4096K)
 Metaspace       used 15438K, committed 15808K, reserved 1064960K
  class space    used 2050K, committed 2240K, reserved 1048576K
}
Event: 2.134 GC heap before
{Heap before GC invocations=3 (full 0):
 garbage-first heap   total 129024K, used 82557K [0x0000000082000000, 0x0000000100000000)
  region size 1024K, 75 young (76800K), 4 survivors (4096K)
 Metaspace       used 20595K, committed 20928K, reserved 1073152K
  class space    used 2820K, committed 2944K, reserved 1048576K
}
Event: 2.139 GC heap after
{Heap after GC invocations=4 (full 0):
 garbage-first heap   total 129024K, used 13998K [0x0000000082000000, 0x0000000100000000)
  region size 1024K, 7 young (7168K), 7 survivors (7168K)
 Metaspace       used 20595K, committed 20928K, reserved 1073152K
  class space    used 2820K, committed 2944K, reserved 1048576K
}
Event: 2.174 GC heap before
{Heap before GC invocations=4 (full 0):
 garbage-first heap   total 129024K, used 17070K [0x0000000082000000, 0x0000000100000000)
  region size 1024K, 11 young (11264K), 7 survivors (7168K)
 Metaspace       used 21181K, committed 21504K, reserved 1073152K
  class space    used 2909K, committed 3072K, reserved 1048576K
}
Event: 2.179 GC heap after
{Heap after GC invocations=5 (full 0):
 garbage-first heap   total 129024K, used 14901K [0x0000000082000000, 0x0000000100000000)
  region size 1024K, 5 young (5120K), 5 survivors (5120K)
 Metaspace       used 21181K, committed 21504K, reserved 1073152K
  class space    used 2909K, committed 3072K, reserved 1048576K
}
Event: 2.330 GC heap before
{Heap before GC invocations=6 (full 0):
 garbage-first heap   total 61440K, used 46645K [0x0000000082000000, 0x0000000100000000)
  region size 1024K, 38 young (38912K), 5 survivors (5120K)
 Metaspace       used 23163K, committed 23552K, reserved 1073152K
  class space    used 3192K, committed 3392K, reserved 1048576K
}
Event: 2.334 GC heap after
{Heap after GC invocations=7 (full 0):
 garbage-first heap   total 61440K, used 16125K [0x0000000082000000, 0x0000000100000000)
  region size 1024K, 6 young (6144K), 6 survivors (6144K)
 Metaspace       used 23163K, committed 23552K, reserved 1073152K
  class space    used 3192K, committed 3392K, reserved 1048576K
}
Event: 2.334 GC heap before
{Heap before GC invocations=7 (full 0):
 garbage-first heap   total 61440K, used 16125K [0x0000000082000000, 0x0000000100000000)
  region size 1024K, 7 young (7168K), 6 survivors (6144K)
 Metaspace       used 23163K, committed 23552K, reserved 1073152K
  class space    used 3192K, committed 3392K, reserved 1048576K
}
Event: 2.338 GC heap after
{Heap after GC invocations=8 (full 0):
 garbage-first heap   total 61440K, used 15593K [0x0000000082000000, 0x0000000100000000)
  region size 1024K, 1 young (1024K), 1 survivors (1024K)
 Metaspace       used 23163K, committed 23552K, reserved 1073152K
  class space    used 3192K, committed 3392K, reserved 1048576K
}
Event: 2.433 GC heap before
{Heap before GC invocations=8 (full 0):
 garbage-first heap   total 61440K, used 42217K [0x0000000082000000, 0x0000000100000000)
  region size 1024K, 28 young (28672K), 1 survivors (1024K)
 Metaspace       used 23593K, committed 23936K, reserved 1073152K
  class space    used 3228K, committed 3392K, reserved 1048576K
}

